<?xml version="1.0" encoding="UTF-8"?>
<!-- Generated by org.testng.reporters.JUnitReportReporter -->
<testsuite hostname="DESKTOP-Q55A1M4" failures="0" tests="4" name="magentoWeb.MyTestCases" time="57.833" errors="0" timestamp="2024-04-07T01:35:35 EET" skipped="0">
  <testcase classname="magentoWeb.MyTestCases" name="SighnUp" time="17.141"/>
  <system-out/>
  <testcase classname="magentoWeb.MyTestCases" name="Logout" time="9.893"/>
  <system-out/>
  <testcase classname="magentoWeb.MyTestCases" name="Login" time="12.614"/>
  <system-out/>
  <testcase classname="magentoWeb.MyTestCases" name="AddOneRandomItem" time="18.185"/>
  <system-out/>
</testsuite> <!-- magentoWeb.MyTestCases -->
