<?xml version="1.0" encoding="UTF-8"?>
<!-- Generated by org.testng.reporters.JUnitReportReporter -->
<testsuite hostname="DESKTOP-Q55A1M4" failures="0" tests="4" name="magentoWeb.MyTestCases" time="36.577" errors="0" timestamp="2024-02-04T11:27:57 EET" skipped="0">
  <testcase classname="magentoWeb.MyTestCases" name="SighnUp" time="12.167"/>
  <system-out/>
  <testcase classname="magentoWeb.MyTestCases" name="Logout" time="4.890"/>
  <system-out/>
  <testcase classname="magentoWeb.MyTestCases" name="Login" time="7.441"/>
  <system-out/>
  <testcase classname="magentoWeb.MyTestCases" name="AddOneRandomItem" time="12.079"/>
  <system-out/>
</testsuite> <!-- magentoWeb.MyTestCases -->
